# JRE version: Java(TM) SE Runtime Environment (17.0.4+11) (build 17.0.4+11-LTS-179)
# Java VM: Java HotSpot(TM) 64-Bit Server VM (17.0.4+11-LTS-179, mixed mode, sharing, tiered, compressed oops, compressed class ptrs, g1 gc, windows-amd64)
GC Precious Log:
 CPUs: 8 total, 8 available
 Memory: 16207M
 Large Page Support: Disabled
 NUMA Support: Disabled
 Compressed Oops: Enabled (Zero based)
 Heap Region Size: 2M
 Heap Min Capacity: 8M
 Heap Initial Capacity: 254M
 Heap Max Capacity: 4052M
 Pre-touch: Disabled
 Parallel Workers: 8
 Concurrent Workers: 2
 Concurrent Refinement Workers: 8
 Periodic GC: Disabled
Heap:
 garbage-first heap   total 206848K, used 85394K [0x0000000702c00000, 0x0000000800000000)
  region size 2048K, 7 young (14336K), 3 survivors (6144K)
 Metaspace       used 43752K, committed 44160K, reserved 1089536K
  class space    used 4867K, committed 5056K, reserved 1048576K
GC Heap History (20 events):
Event: 7.998 GC heap before
{Heap before GC invocations=3 (full 0):
 garbage-first heap   total 260096K, used 95039K [0x0000000702c00000, 0x0000000800000000)
  region size 2048K, 28 young (57344K), 8 survivors (16384K)
 Metaspace       used 21240K, committed 21504K, reserved 1073152K
  class space    used 2437K, committed 2560K, reserved 1048576K
}
Event: 8.012 GC heap after
{Heap after GC invocations=4 (full 0):
 garbage-first heap   total 260096K, used 29160K [0x0000000702c00000, 0x0000000800000000)
  region size 2048K, 3 young (6144K), 3 survivors (6144K)
 Metaspace       used 21240K, committed 21504K, reserved 1073152K
  class space    used 2437K, committed 2560K, reserved 1048576K
}
Event: 9.438 GC heap before
{Heap before GC invocations=5 (full 0):
 garbage-first heap   total 110592K, used 88552K [0x0000000702c00000, 0x0000000800000000)
  region size 2048K, 32 young (65536K), 3 survivors (6144K)
 Metaspace       used 27011K, committed 27392K, reserved 1073152K
  class space    used 3058K, committed 3264K, reserved 1048576K
}
Event: 9.456 GC heap after
{Heap after GC invocations=6 (full 0):
 garbage-first heap   total 114688K, used 44703K [0x0000000702c00000, 0x0000000800000000)
  region size 2048K, 4 young (8192K), 4 survivors (8192K)
 Metaspace       used 27011K, committed 27392K, reserved 1073152K
  class space    used 3058K, committed 3264K, reserved 1048576K
}
Event: 9.487 GC heap before
{Heap before GC invocations=6 (full 0):
 garbage-first heap   total 114688K, used 44703K [0x0000000702c00000, 0x0000000800000000)
  region size 2048K, 5 young (10240K), 4 survivors (8192K)
 Metaspace       used 27060K, committed 27456K, reserved 1073152K
  class space    used 3058K, committed 3264K, reserved 1048576K
}
Event: 9.497 GC heap after
{Heap after GC invocations=7 (full 0):
 garbage-first heap   total 114688K, used 46444K [0x0000000702c00000, 0x0000000800000000)
  region size 2048K, 1 young (2048K), 1 survivors (2048K)
 Metaspace       used 27060K, committed 27456K, reserved 1073152K
  class space    used 3058K, committed 3264K, reserved 1048576K
}
Event: 10.454 GC heap before
{Heap before GC invocations=7 (full 0):
 garbage-first heap   total 114688K, used 81260K [0x0000000702c00000, 0x0000000800000000)
  region size 2048K, 19 young (38912K), 1 survivors (2048K)
 Metaspace       used 28590K, committed 28928K, reserved 1081344K
  class space    used 3207K, committed 3392K, reserved 1048576K
}
Event: 10.464 GC heap after
{Heap after GC invocations=8 (full 0):
 garbage-first heap   total 114688K, used 49038K [0x0000000702c00000, 0x0000000800000000)
  region size 2048K, 2 young (4096K), 2 survivors (4096K)
 Metaspace       used 28590K, committed 28928K, reserved 1081344K
  class space    used 3207K, committed 3392K, reserved 1048576K
}
Event: 11.315 GC heap before
{Heap before GC invocations=9 (full 0):
 garbage-first heap   total 114688K, used 83854K [0x0000000702c00000, 0x0000000800000000)
  region size 2048K, 19 young (38912K), 2 survivors (4096K)
 Metaspace       used 29724K, committed 30080K, reserved 1081344K
  class space    used 3330K, committed 3520K, reserved 1048576K
}
Event: 11.325 GC heap after
{Heap after GC invocations=10 (full 0):
 garbage-first heap   total 114688K, used 50209K [0x0000000702c00000, 0x0000000800000000)
  region size 2048K, 1 young (2048K), 1 survivors (2048K)
 Metaspace       used 29724K, committed 30080K, reserved 1081344K
  class space    used 3330K, committed 3520K, reserved 1048576K
}
Event: 11.677 GC heap before
{Heap before GC invocations=10 (full 0):
 garbage-first heap   total 114688K, used 87073K [0x0000000702c00000, 0x0000000800000000)
  region size 2048K, 19 young (38912K), 1 survivors (2048K)
 Metaspace       used 29956K, committed 30336K, reserved 1081344K
  class space    used 3335K, committed 3520K, reserved 1048576K
}
Event: 11.687 GC heap after
{Heap after GC invocations=11 (full 0):
 garbage-first heap   total 114688K, used 51861K [0x0000000702c00000, 0x0000000800000000)
  region size 2048K, 2 young (4096K), 2 survivors (4096K)
 Metaspace       used 29956K, committed 30336K, reserved 1081344K
  class space    used 3335K, committed 3520K, reserved 1048576K
}
Event: 11.920 GC heap before
{Heap before GC invocations=11 (full 0):
 garbage-first heap   total 114688K, used 88725K [0x0000000702c00000, 0x0000000800000000)
  region size 2048K, 20 young (40960K), 2 survivors (4096K)
 Metaspace       used 30039K, committed 30400K, reserved 1081344K
  class space    used 3338K, committed 3520K, reserved 1048576K
}
Event: 11.937 GC heap after
{Heap after GC invocations=12 (full 0):
 garbage-first heap   total 206848K, used 53383K [0x0000000702c00000, 0x0000000800000000)
  region size 2048K, 3 young (6144K), 3 survivors (6144K)
 Metaspace       used 30039K, committed 30400K, reserved 1081344K
  class space    used 3338K, committed 3520K, reserved 1048576K
}
Event: 13.250 GC heap before
{Heap before GC invocations=12 (full 0):
 garbage-first heap   total 206848K, used 151687K [0x0000000702c00000, 0x0000000800000000)
  region size 2048K, 50 young (102400K), 3 survivors (6144K)
 Metaspace       used 31885K, committed 32320K, reserved 1081344K
  class space    used 3503K, committed 3712K, reserved 1048576K
}
Event: 13.264 GC heap after
{Heap after GC invocations=13 (full 0):
 garbage-first heap   total 206848K, used 56979K [0x0000000702c00000, 0x0000000800000000)
  region size 2048K, 3 young (6144K), 3 survivors (6144K)
 Metaspace       used 31885K, committed 32320K, reserved 1081344K
  class space    used 3503K, committed 3712K, reserved 1048576K
}
Event: 15.788 GC heap before
{Heap before GC invocations=13 (full 0):
 garbage-first heap   total 206848K, used 157331K [0x0000000702c00000, 0x0000000800000000)
  region size 2048K, 51 young (104448K), 3 survivors (6144K)
 Metaspace       used 33462K, committed 33856K, reserved 1081344K
  class space    used 3680K, committed 3904K, reserved 1048576K
}
Event: 15.808 GC heap after
{Heap after GC invocations=14 (full 0):
 garbage-first heap   total 206848K, used 79196K [0x0000000702c00000, 0x0000000800000000)
  region size 2048K, 7 young (14336K), 7 survivors (14336K)
 Metaspace       used 33462K, committed 33856K, reserved 1081344K
  class space    used 3680K, committed 3904K, reserved 1048576K
}
Event: 21.269 GC heap before
{Heap before GC invocations=14 (full 0):
 garbage-first heap   total 206848K, used 150876K [0x0000000702c00000, 0x0000000800000000)
  region size 2048K, 42 young (86016K), 7 survivors (14336K)
 Metaspace       used 42941K, committed 43392K, reserved 1089536K
  class space    used 4766K, committed 4992K, reserved 1048576K
}
Event: 21.283 GC heap after
{Heap after GC invocations=15 (full 0):
 garbage-first heap   total 206848K, used 79250K [0x0000000702c00000, 0x0000000800000000)
  region size 2048K, 3 young (6144K), 3 survivors (6144K)
 Metaspace       used 42941K, committed 43392K, reserved 1089536K
  class space    used 4766K, committed 4992K, reserved 1048576K
}

